<?xml version="1.0" encoding="UTF-8"?>
<!-- Generated by org.testng.reporters.JUnitXMLReporter -->
<testsuite ignored="3" hostname="LAPTOP-SQM87BBJ" failures="0" tests="1" name="Default test" time="17.655" errors="0" timestamp="16 Apr 2020 18:12:12 GMT">
  <testcase classname="login.Login" name="loginWithInvalidPassword" time="13.782"/>
  <testcase classname="login.Login" name="logout" time="0.0">
    <ignored/>
  </testcase> <!-- logout -->
  <testcase classname="login.Login" name="loginWithValidUser" time="0.0">
    <ignored/>
  </testcase> <!-- loginWithValidUser -->
  <testcase classname="login.Login" name="loginWithInvalidUsername" time="0.0">
    <ignored/>
  </testcase> <!-- loginWithInvalidUsername -->
</testsuite> <!-- Default test -->
