<?xml version="1.0" encoding="UTF-8"?>
<testng-results ignored="3" total="4" passed="1" failed="0" skipped="0">
  <reporter-output>
    <line>
      <![CDATA[Logging to http://squirrelcloudtest.com]]>
    </line>
  </reporter-output>
  <suite started-at="2020-04-16T18:11:54Z" name="Default suite" finished-at="2020-04-16T18:12:12Z" duration-ms="17655">
    <groups>
    </groups>
    <test started-at="2020-04-16T18:11:54Z" name="Default test" finished-at="2020-04-16T18:12:12Z" duration-ms="17655">
      <class name="login.Login">
        <test-method is-config="true" signature="openChrome()[pri:0, instance:login.Login@797b0699]" started-at="2020-04-16T18:11:54Z" name="openChrome" finished-at="2020-04-16T18:11:58Z" duration-ms="3732" status="PASS">
          <reporter-output>
          </reporter-output>
        </test-method> <!-- openChrome -->
        <test-method signature="loginWithInvalidPassword()[pri:4, instance:login.Login@797b0699]" started-at="2020-04-16T18:11:58Z" name="loginWithInvalidPassword" finished-at="2020-04-16T18:12:12Z" duration-ms="13782" status="PASS">
          <reporter-output>
            <line>
              <![CDATA[Logging to http://squirrelcloudtest.com]]>
            </line>
          </reporter-output>
        </test-method> <!-- loginWithInvalidPassword -->
        <test-method is-config="true" signature="closeChrome()[pri:0, instance:login.Login@797b0699]" started-at="2020-04-16T18:12:12Z" name="closeChrome" finished-at="2020-04-16T18:12:12Z" duration-ms="121" status="PASS">
          <reporter-output>
          </reporter-output>
        </test-method> <!-- closeChrome -->
      </class> <!-- login.Login -->
    </test> <!-- Default test -->
  </suite> <!-- Default suite -->
</testng-results>
